1.01785716
1.04166670
1.04999997
1.02363636
1.04166670
1.13333334
1.01055774
1.02302305
1.01713503
1.02325583
1.01710262
1.11940531
1.06666662
1.04000003
1.01785716
1.07142856
1.03190941
1.08333340
1.07692303
1.01121234
1.04000003
1.08333340
1.07692303
1.07999995
1.04123712
1.01785716
1.00353457
1.07692303
1.02636718
1.07142863
1.07317072
1.01785716
1.00740241
1.01811221
1.01785716
1.15384613
1.04000003
1.01979866
1.01256193
1.01464462
1.08333340
1.00211599
1.01144825
1.08333340
1.01361193
1.01158307
1.07692303
1.04761909
1.00866217
1.03638252
1.01550389
1.03530532
1.01474656
1.01907353
1.03850819
1.01863355
1.07142863
1.04090907
1.00606061
1.09453489
1.07692303
1.04149834
1.00829908
1.04166670
1.01344088
1.04166670
1.16666669
1.01621215
1.08333340
1.07692303
1.12820516
1.01818183
1.07692303
1.04545452
1.00734639
1.01818183
1.00726865
1.08333340
1.02504519
1.07692303
1.00029709
1.01331780
1.00411435
1.01833080
1.09523810
1.00529105
1.04166670
1.02439019
1.07142856
1.01335509
1.01055336
1.04166670
1.00963700
1.09756091
1.01818183
1.00607133
1.07692303
1.00715697
1.01097892
1.01785716
