1.00000000 1.00074850 1.00000000 1.00000000 1.00000000 1.00000000 0.99133732 1.00000000 1.00000000 0.99633965 1.01693724 1.00649031 1.00000000 1.00000000 0.97619052 1.00000000 1.10000001 1.00000000 1.03664704 1.00000000 1.00000000
1.00000000 0.98803297 1.00000000 1.00000000 1.00000000 1.00000000 0.99844207 1.00000000 1.00000000 1.00587799 0.99961032 0.99287093 1.00149706 1.00000000 1.02439019 1.00000000 0.91443850 1.01941749 1.00264119 0.98260864 1.00000000
1.00000000 1.01211198 1.00000000 1.00000000 1.00000000 1.00000000 1.00096586 1.00000000 1.00900898 0.99853184 0.98372819 0.99092881 0.99402092 1.00000000 1.00000000 1.00000000 0.89473682 1.00000000 0.96616009 1.00088503 1.00000000
1.00000000 0.99027677 1.00000000 1.00000000 1.00000000 1.00000000 1.00249853 1.00000000 1.00206048 1.00037309 1.01067077 1.00656406 0.97142853 1.00000000 0.97619052 0.91666672 1.00000000 1.01904763 0.98028518 1.00132621 1.00000000
1.00000000 0.99697882 1.00000000 1.00000000 1.00000000 1.00000000 1.00100912 1.00000000 1.00685400 0.98240584 0.99900523 0.99381753 1.00000000 1.00000000 1.00000000 1.00000000 1.00000000 0.99065420 1.00663250 0.99602649 1.00000000
1.00000000 1.00530304 1.00000000 1.00000000 0.89795922 1.00000000 0.99575496 1.00000000 0.99727703 0.99818372 0.97950449 0.98983615 1.00000000 1.00000000 1.02439019 1.00000000 1.00000000 1.00000000 0.99893729 1.00886524 1.00000000
1.00000000 1.00828942 1.00000000 1.00000000 1.00000000 1.00000000 0.99691288 1.00000000 0.98566556 0.99083522 1.01700698 1.00264903 1.04179572 1.00000000 1.00000000 1.00000000 1.00000000 1.00000000 1.01382974 1.00000000 1.00000000
1.00000000 1.00224213 1.00000000 1.00000000 1.00000000 1.00000000 0.99703434 1.00000000 1.01523542 0.99131487 0.99296308 1.00263211 1.00000000 1.00000000 0.97619052 1.09090903 1.04575167 1.00000000 0.98509971 0.99780323 1.00000000
1.00000000 1.00447429 1.00000000 1.00000000 1.00000000 1.00000000 1.00775228 1.00000000 0.98703958 0.99999240 1.00216342 0.98422910 0.99108465 1.00000000 1.02439019 0.91666672 0.97499998 1.01886783 0.99936091 1.00440330 1.00000000
1.00000000 1.02449883 1.00000000 1.00000000 1.00000000 1.00000000 0.99037483 1.00000000 1.01451282 1.01084157 0.98049484 1.00398582 1.00149923 1.00000000 1.00000000 1.00000000 0.92307693 1.00925927 1.00063950 0.97676462 1.00000000
1.00000000 1.00579711 1.00000000 1.00000000 1.00000000 1.00000000 0.99844876 1.00000000 1.01771117 0.99490775 1.02037608 0.97486997 1.03293412 1.00000000 1.00000000 1.00000000 1.04861107 0.96330283 1.01768217 0.99910226 1.00000000
1.00000000 0.97190205 1.00000000 1.00000000 1.00000000 1.00000000 1.01617019 1.00000000 1.00535476 0.98275785 0.98292252 1.01000477 1.03913048 1.00000000 1.00000000 1.00000000 0.98675503 1.00000000 1.03642449 1.00539086 1.00000000
1.00000000 1.01186065 1.00000000 1.00000000 1.00000000 1.00000000 1.00000086 1.00000000 0.97403459 0.99532960 0.99697097 1.00137450 0.99023708 1.00000000 1.00000000 1.00000000 0.98657717 0.99047618 0.97556051 0.99597855 1.00000000
1.00000000 0.99194134 1.00000000 1.00000000 0.97727271 1.00000000 0.98681979 1.00000000 1.01161996 1.00351922 0.99896316 0.98310301 0.96478872 1.00000000 1.00000000 1.00000000 1.00000000 1.00000000 1.03416145 1.00044867 1.00000000
1.00000000 1.01477109 1.00000000 1.00000000 1.00000000 1.00000000 0.98669678 1.00000000 1.00472974 1.00921322 1.00240494 1.00749667 0.99416058 1.00000000 1.00000000 1.00000000 1.00000000 0.99038461 1.00000000 1.00627796 1.00000000
1.00000000 0.98107715 1.00000000 1.00000000 1.00000000 1.00000000 1.00000000 1.00000000 0.98655012 0.98149790 0.99454911 0.98625824 1.00000000 1.00000000 1.00000000 1.00000000 1.00000000 1.01941749 0.99959964 1.00000000 1.09090903
1.00000000 1.00148366 1.00000000 1.00000000 1.00000000 1.00000000 1.00113594 1.00000000 1.00681662 0.99322206 0.98647943 1.01235856 1.03083701 1.00000000 0.97619052 1.09090903 1.00000000 0.98095237 1.00000000 0.99242428 0.91666672
1.00000000 1.00000000 1.00000000 1.00000000 1.00000000 1.00000000 1.00166004 1.00000000 1.00541639 1.00309550 1.01700385 0.98306788 1.00000000 1.00000000 1.02439019 0.91666672 1.00000000 1.01941749 1.00000000 1.00673549 1.00000000
1.00000000 1.00000000 1.00000000 1.00000000 1.13953486 1.00000000 1.00732386 1.00000000 0.99595958 1.00137151 0.97815056 1.00296278 1.00000000 1.00000000 0.97619052 1.00000000 1.04761901 0.98095237 0.97536550 1.00223017 1.00000000
1.00000000 0.98296294 1.00000000 1.00000000 0.95918370 1.00000000 0.99775261 1.00000000 1.00405681 1.01332309 1.02919990 1.00980512 0.97151001 1.00000000 1.02439019 1.00000000 0.98701298 1.00000000 1.02648874 0.99109926 1.00000000
1.00000000 1.00000000 1.00000000 1.00000000 0.91489361 1.00000000 0.99881282 1.00000000 1.00606060 1.00024577 0.98022220 1.00443954 1.00000000 1.00000000 0.97619052 1.00000000 1.00000000 1.00000000 0.97439486 1.01167486 1.00000000
1.00000000 0.99246422 1.00000000 1.00000000 1.25581389 1.00000000 1.00023212 1.00000000 1.00000000 0.98931996 1.00815538 0.99112603 1.00439878 1.00000000 1.02439019 1.00000000 1.05921058 1.00000000 1.01765551 1.00976482 1.00000000
1.00000000 1.02809413 1.00000000 1.00000000 0.90740743 1.00000000 0.99487815 1.00000000 1.00133867 1.05443454 0.98732922 0.98837710 0.97956206 1.00000000 1.00000000 1.00000000 1.00000000 1.00000000 0.97861607 1.06461538 1.00000000
1.00000000 0.98966031 1.00000000 1.00000000 1.00000000 1.00000000 0.99751268 1.00000000 1.00000000 1.00716875 1.00897725 0.99311170 0.99701941 1.00000000 1.00000000 1.00000000 1.01242237 1.01941749 1.02432489 1.00000000 1.00000000
1.00000000 1.00447763 1.00000000 1.00000000 0.89795922 1.00000000 1.00679132 1.00000000 0.97994649 0.98906756 0.99036688 1.01065000 0.95814646 1.00000000 0.97619052 1.00000000 1.00000000 0.98095237 0.97645403 1.00000000 1.00000000
1.00000000 0.98439818 1.00000000 1.00000000 1.00000000 1.00000000 0.99927422 1.00000000 1.01978176 1.00651671 1.01889860 0.99997223 0.98907954 1.00000000 1.02439019 1.00000000 0.98773005 1.00000000 0.99938172 1.00000000 1.00000000
1.00000000 0.98037736 1.00000000 1.00000000 1.00000000 1.00000000 0.99294663 1.00000000 1.00133778 0.99026622 0.99999860 1.01753335 1.00946377 1.00000000 1.00000000 1.00000000 1.00000000 1.01941749 1.00000000 1.00000000 1.00000000
1.00000000 1.00692840 1.00000000 1.00000000 1.00000000 1.00000000 1.00710347 1.00000000 1.00000000 1.00000000 0.98127852 1.01015147 1.00000000 1.00000000 1.00000000 1.00000000 1.00000000 1.00952382 1.00000000 1.00000000 1.09090903
1.00000000 0.99923548 1.00000000 1.00000000 1.00000000 1.00000000 1.00379951 1.00000000 0.99265199 0.99701255 0.99959790 0.97607201 1.00000000 1.00000000 0.97619052 1.00000000 1.00000000 0.99056603 1.00000000 1.00000000 0.91666672
1.00000000 1.00000000 1.00000000 1.00000000 1.00000000 1.00000000 1.00085729 1.00000000 1.00740241 0.99639399 1.00000000 1.00511502 1.02500002 1.00000000 1.02439019 1.00000000 1.00000000 1.00952382 1.00598057 0.94054496 1.00000000
1.00000000 0.99693959 1.00000000 1.00000000 1.00000000 1.00000000 1.00000000 1.00000000 1.00000000 1.00108204 1.00000972 1.00168258 1.00000000 1.00000000 1.00000000 1.00000000 1.00000000 1.00000000 1.00389505 0.99956106 1.00000000
1.00000000 0.99846503 1.00000000 1.00000000 1.11363632 1.00000000 1.00000000 1.00000000 0.98530398 1.00035031 1.00000143 1.00759310 0.95884141 1.00000000 1.00000000 1.09090903 1.00000000 1.03773577 1.02082912 1.00000000 1.00000000
1.00000000 1.01998463 1.00000000 1.00000000 0.97959182 1.00000000 0.99364836 1.00000000 1.00203388 1.02265954 0.99998885 1.01799585 1.04292533 1.00000000 0.97619052 1.00000000 1.00000000 0.97272735 1.00000000 1.02635042 1.09090903
1.00000000 0.98116051 1.00000000 1.00000000 0.97916671 1.00000000 1.00639224 1.00000000 1.01217861 0.99773395 1.00000000 0.98992964 1.00000000 1.00000000 1.00000000 1.00000000 1.00000000 1.00000000 1.00000000 1.00000000 1.00000000
1.00000000 0.99846392 1.00000000 1.00000000 1.02127655 1.00000000 0.99364836 1.00000000 1.00000000 0.99851027 1.00080730 1.00562708 1.00000000 1.00000000 1.00000000 0.91666672 1.00000000 0.99065420 1.00000000 1.00256744 0.91666672
1.00000000 1.00769230 1.00000000 1.00000000 1.00000000 1.00000000 1.01250172 1.00000000 0.98395721 0.99851529 1.01858837 0.99536167 1.00000000 1.00000000 1.00000000 1.00000000 1.00000000 1.02830180 0.98619722 1.00000000 1.00000000
1.00000000 0.98549620 1.00000000 1.00000000 0.95833336 1.00000000 1.00021116 1.00000000 1.00000000 1.00000000 1.00003955 1.00380655 1.00000000 1.00000000 0.97560974 1.00000000 1.00000000 1.01834864 1.00000000 0.98079386 1.00000000
1.00000000 1.00077459 1.00000000 1.00000000 1.00000000 1.00000000 1.00245327 1.00000000 1.00000000 0.99946528 1.00082471 0.99772611 0.96493898 1.00000000 1.00000000 1.00000000 1.00000000 0.99099098 0.97383363 1.00000000 1.00000000
1.00000000 0.98916413 1.00000000 1.00000000 1.00000000 1.00000000 1.00746928 1.00000000 0.99932066 0.99722983 1.00818829 0.98583518 1.00000000 1.00000000 1.02500002 1.00000000 1.00000000 1.00000000 1.03353472 1.00000000 1.00000000
1.00000000 1.00860718 1.00000000 1.00000000 1.00000000 1.00000000 1.00674879 1.00000000 0.99932020 1.00016169 0.99989716 1.02694956 1.00000000 1.00000000 1.00000000 1.00000000 1.00000000 1.03636367 1.00000000 1.00000000 1.00000000
1.00000000 1.00465479 1.00000000 1.00000000 1.00000000 1.00000000 0.99781484 1.00000000 1.00000000 0.99213804 1.00000000 1.01413150 1.03317536 1.00000000 1.02439019 0.90909090 1.00000000 0.95614032 1.00000000 1.00000000 1.00000000
1.00000000 0.98455594 1.00000000 1.00000000 1.00000000 1.00000000 0.99390269 1.00000000 1.00136053 1.00000000 1.00973849 1.00768695 0.96177369 1.00000000 1.00000000 1.00000000 1.00000000 1.00917432 1.00443369 1.01566579 1.00000000
1.00000000 0.99921569 1.00000000 1.00000000 1.02173915 1.00000000 0.99977962 1.00000000 1.00000000 0.99395680 0.99980565 1.00800080 0.96979335 1.00000000 0.95238098 1.10000001 1.00000000 1.00000000 0.99518457 1.00000000 1.00000000
1.00000000 1.02590268 1.00000000 1.00000000 1.00000000 1.00000000 0.99553573 1.00000000 1.01222826 0.99438949 1.00000137 1.00517162 1.00000000 1.00000000 1.02500002 1.00000000 1.02484467 1.00000000 1.00423392 0.98757499 1.00000000
1.00000000 0.99464421 1.00000000 1.00000000 1.00000000 1.00000000 1.00439187 1.00000000 1.00000000 1.00000000 0.99999057 0.99852908 1.06393442 1.00000000 1.02439019 1.00000000 1.00000000 1.00000000 1.00000000 1.01475046 1.00000000
1.00000000 1.00076922 1.00000000 1.00000000 0.95744678 1.00000000 0.99831107 1.00000000 0.98657720 0.99963285 0.99200502 0.99333559 0.95993837 1.00000000 1.00000000 1.00000000 1.00000000 1.00000000 0.96406340 0.98546395 1.00000000
1.00000000 1.00000000 1.00000000 1.00000000 1.00000000 1.00000000 0.99873543 1.00000000 1.00068026 0.99634209 0.99394871 0.99555761 1.04815409 1.00000000 1.00000000 1.00000000 1.00000000 1.00000000 1.04039982 1.00000000 1.00000000
1.00000000 0.98770176 1.00000000 1.00000000 1.00000000 1.00000000 1.00481913 1.00000000 1.01223657 0.99998494 0.99615652 0.99632498 0.95099537 1.00000000 0.95238098 1.00000000 1.00000000 1.00909092 1.00040035 1.00000000 1.00000000
1.00000000 1.02801562 1.00000000 1.00000000 1.02222224 1.00000000 0.99681050 1.00000000 1.01074548 1.00000000 1.01373685 0.99669839 1.05152983 1.00000000 1.02500002 1.00000000 1.00000000 1.00900902 1.00000000 0.99696312 1.00000000
1.00000000 0.99924294 1.00000000 1.00000000 1.00000000 1.00000000 0.99302382 1.00000000 0.99734222 1.00001506 1.01099540 0.99673677 1.00000000 1.00000000 1.02439019 1.00000000 1.00000000 1.01785716 0.99059621 1.00696258 1.00000000
1.00000000 1.00227277 1.00000000 1.00000000 1.00000000 1.00000000 1.00000000 1.00000000 1.00000000 0.99894674 1.00813121 0.99999339 1.00000000 1.00000000 1.00000000 1.00000000 1.00000000 1.02631581 1.00767525 0.99740704 1.00000000
1.00000000 0.99395313 1.00000000 1.00000000 1.00000000 1.00000000 0.99580022 1.00000000 1.00732843 1.00000000 0.98246723 1.01319808 1.00000000 1.00000000 0.97619052 1.00000000 1.00000000 1.00000000 0.95750653 1.00259970 1.00000000
1.00000000 1.00760455 1.00000000 1.00000000 1.00000000 1.00000000 1.00503157 1.00000000 1.01058202 0.99672397 1.02615877 0.99341039 0.96630935 1.00000000 1.02439019 1.00000000 1.00000000 1.00000000 1.00146532 1.02549690 1.00000000
1.00000000 0.98490568 1.00000000 1.00000000 1.00000000 1.00000000 1.00291164 1.00000000 1.01701565 0.99706831 0.96889240 1.00007863 1.00000000 1.00000000 0.97619052 1.00000000 1.00000000 0.99145298 1.00857024 1.00716397 1.00000000
1.00000000 1.01532565 1.00000000 1.00000000 1.00000000 1.00000000 1.00000000 1.00000000 1.00000000 0.98514688 1.00008111 0.99259672 1.03328051 1.00000000 1.00000000 1.00000000 1.00000000 0.98275861 1.00000000 1.00418413 1.00000000
1.00000000 1.00000000 1.00000000 1.00000000 1.00000000 1.00000000 0.99598292 1.00000000 0.99420850 1.00003081 1.00049221 0.99689171 1.00000000 1.00000000 0.97560974 1.00000000 1.01818183 1.08771927 1.07772020 0.99541660 1.00000000
1.00000000 1.00000000 1.00000000 1.00000000 1.00000000 1.00000000 1.00085184 1.00000000 1.00064730 1.00746133 1.01102440 1.01023197 1.00000000 1.00000000 1.02500002 1.00000000 1.00000000 0.94354843 0.99865388 1.00000000 1.00000000
1.00000000 1.00000000 1.00000000 1.00000000 1.00000000 1.00000000 0.99664166 1.00000000 1.00129365 0.99441873 0.99963640 1.00200728 1.00000000 1.00000000 1.02439019 1.00000000 1.00000000 1.18803414 0.99768915 1.01297619 1.00000000
1.00000000 0.99849058 1.00000000 1.00000000 1.00000000 1.00000000 0.99765762 1.00000000 1.00064605 0.99937038 0.99629707 1.00826187 0.95705518 1.00000000 1.00000000 0.90909090 1.00000000 0.98561150 0.94383329 0.98842972 1.00000000
1.00000000 0.99395313 1.00000000 1.00000000 1.00000000 1.00000000 0.99831895 1.00000000 1.00000000 1.00235863 1.03361526 1.00641512 1.04487183 1.00000000 0.97619052 1.00000000 1.00000000 0.91240877 1.00838446 0.99916389 1.00000000
1.00000000 1.00304179 1.00000000 1.00000000 0.97826085 1.00000000 1.00228316 1.00000000 0.99741760 1.00059784 1.01765565 1.00256775 1.00000000 1.00000000 1.00000000 1.00000000 1.00000000 1.02400002 0.99979719 0.98158992 1.00000000
1.00000000 0.99014408 1.00000000 1.00000000 1.00000000 1.00000000 1.00171263 1.00000000 0.99352758 1.00317896 0.99313481 1.00290540 0.99693248 1.00000000 1.02439019 1.00000000 1.00000000 0.96093747 0.96795133 1.00000000 1.09090903
1.00000000 0.99923431 1.00000000 1.00000000 1.00000000 1.00000000 1.00565323 1.00000000 1.00651459 0.99997715 1.01522466 1.04203096 0.99846155 1.00000000 1.00000000 1.00000000 0.99404761 1.05691062 1.03290023 1.00000000 0.91666672
1.00000000 1.00842910 1.00000000 1.00000000 1.00000000 1.00000000 0.99842826 1.00000000 1.00258909 1.00005343 1.01249420 0.99719829 1.00000000 1.00000000 1.00000000 1.10000001 1.00598803 0.98461537 1.00000000 0.98593354 1.00000000
1.00000000 1.00455929 1.00000000 1.00000000 1.02222224 1.00000000 1.00316047 1.00000000 0.98256935 1.01056782 0.99883492 0.99620235 1.00000000 1.00000000 0.97619052 1.00000000 1.00000000 1.00000000 1.00000000 0.99437961 1.00000000
1.00000000 0.99924358 1.00000000 1.00000000 1.00000000 1.00000000 0.99764809 1.00000000 0.99145858 0.97554168 1.00991663 1.02584459 1.00154082 1.00000000 1.02439019 1.00000000 1.00000000 0.97656248 1.04382226 1.00000000 1.00000000
1.00000000 0.99697195 1.00000000 1.00000000 1.00000000 1.00000000 1.00043261 1.00000000 0.99469853 0.99619712 0.99962320 0.99033532 0.99692311 1.00000000 1.00000000 1.00000000 1.00000000 1.04800004 0.95801751 0.99434777 1.00000000
1.00000000 0.99316629 1.00000000 1.00000000 1.00000000 1.00000000 0.99985728 1.00000000 0.99933372 1.00000000 0.98579501 0.99456982 0.99382716 1.00000000 0.97619052 1.00000000 0.94642860 0.99236641 1.04037330 0.99519022 1.00000000
1.00000000 1.00917428 1.00000000 1.00000000 1.00000000 1.00000000 0.99655829 1.00000000 0.98733335 1.01035609 0.99394639 0.99380409 1.00000000 1.00000000 1.00000000 1.00000000 0.98742137 0.97692306 0.97503898 1.00000000 1.00000000
1.00000000 1.00151520 1.00000000 1.00000000 1.00000000 1.00000000 1.00252346 1.00000000 1.01688049 0.99625246 1.00580086 0.99317591 1.00000000 1.00000000 1.02439019 1.00000000 1.00636943 1.14960633 1.00000000 0.96836557 1.00000000
1.00000000 0.99092280 1.00000000 1.00000000 1.00000000 1.00000000 0.99493268 1.00000000 0.98937582 1.00081872 1.00493578 0.99435659 1.00621118 1.00000000 0.97619052 1.00000000 1.00000000 0.99315068 1.00000000 1.00544467 1.00000000
1.00000000 1.00992370 1.00000000 1.00000000 1.00000000 1.00000000 1.00483762 1.00000000 0.99932887 1.00000000 0.99510339 0.99998748 1.00000000 1.00000000 1.02439019 1.00000000 1.00000000 0.99310344 0.99840002 1.01714800 1.00000000
1.00000000 1.00000000 1.00000000 1.00000000 1.00000000 1.00000000 0.99999913 1.00000000 0.99731366 0.99922822 0.98006572 1.00321592 0.99845674 1.00000000 0.97619052 1.00000000 1.00000000 0.98611110 1.02163461 1.01952089 1.00000000
1.00000000 1.00000000 1.00000000 1.00000000 1.00000000 1.00000000 0.99999913 1.00000000 1.00000000 0.99429221 0.99999104 1.01453278 0.96136018 1.00000000 1.02439019 0.90909090 1.00000000 1.01408452 0.98058824 0.98389902 1.00000000
1.00000000 0.98412695 1.00000000 1.00000000 1.00000000 1.00000000 0.99518567 1.00000000 1.00000000 1.00006213 1.01966482 1.00484860 1.04019287 1.00000000 1.00000000 1.00000000 1.00000000 0.96527775 1.01979603 0.99115437 1.00000000
1.00000000 1.00230419 1.00000000 1.00000000 1.00000000 1.00000000 1.00000088 1.00000000 1.00336697 1.00000778 0.97417179 1.01527919 1.00000000 1.00000000 1.00000000 1.00000000 1.00000000 1.02158275 0.98039215 1.01784915 1.00000000
1.00000000 1.00000000 1.00000000 1.00000000 1.00000000 1.00000000 1.00483674 1.00000000 1.00000000 1.00000000 0.96904356 0.99806772 1.00000000 1.00000000 0.97619052 1.00000000 1.00000000 0.97887322 1.00000000 1.00000000 1.00000000
1.00000000 0.99616855 1.00000000 1.00000000 1.00000000 1.00000000 1.00888862 1.00000000 1.00000000 1.00000000 1.02109737 1.00180633 1.00000000 1.00000000 1.02439019 1.00000000 1.00000000 1.05755400 1.00000000 0.98465590 1.00000000
1.00000000 0.99230770 1.00000000 1.00000000 1.00000000 1.00000000 0.98304710 1.00000000 1.00000000 0.99412774 0.97952003 1.00636670 1.00000000 1.00000000 1.00000000 1.00000000 1.00000000 1.05442173 1.00420005 1.00000000 1.00000000
1.00000000 1.01085274 1.00000000 1.00000000 1.00000000 1.00000000 1.00000000 1.00000000 1.00000000 0.99964835 1.01948574 1.00510597 1.00000000 1.00000000 1.00000000 1.00000000 1.00000000 1.02580647 0.99581752 1.00000000 1.00000000
1.00000000 0.99693248 1.00000000 1.00000000 1.00000000 1.00000000 1.00568609 1.00000000 1.00000000 1.00354860 0.98201255 0.99438428 0.95517779 1.00000000 1.00000000 1.00000000 1.00000000 0.97484275 0.99000000 0.99777380 1.00000000
1.00000000 1.00076922 1.00000000 1.00000000 1.00000000 1.00000000 0.99652578 1.00000000 1.00000000 1.00000000 0.99894411 0.99241026 1.00000000 1.00000000 1.00000000 1.00000000 1.00000000 0.97419353 1.00040407 1.00000000 1.00000000
1.00000000 1.00000000 1.00000000 1.00000000 1.00000000 1.00000000 0.99353391 1.00000000 0.99798660 1.00545192 0.99925086 1.00661037 1.00000000 1.00000000 0.97619052 1.00000000 1.00000000 1.04635765 0.99959609 1.02141903 1.00000000
1.00000000 1.00000000 1.00000000 1.00000000 1.00000000 1.00000000 1.00000000 1.00000000 1.00000000 0.99923312 0.98774222 0.97366612 1.03398059 1.00000000 1.02439019 1.00000000 1.00000000 1.03797471 1.00000000 0.98296197 1.00000000
1.00000000 0.99308225 1.00000000 1.00000000 1.00000000 1.00000000 1.00344356 1.00000000 1.00000000 0.99461220 1.02008217 0.99691689 1.00000000 1.00000000 0.97619052 1.00000000 1.10126583 0.98170730 1.01414145 0.99511112 1.00000000
1.00000000 1.01006195 1.00000000 1.00000000 1.00000000 1.00000000 1.00181716 1.00000000 0.99529252 0.99541697 0.98950785 0.99370060 0.99843500 1.00000000 1.02439019 1.00000000 1.00000000 1.01242237 0.97629480 0.99687360 1.00000000
1.00000000 0.99923372 1.00000000 1.00000000 1.00000000 1.00000000 0.99990496 1.00000000 1.00337840 0.99956155 1.01484750 0.99987576 1.00000000 1.00000000 1.00000000 1.00000000 1.00000000 0.96319016 1.02305652 0.99910395 1.00000000
1.00000000 0.99923314 1.00000000 1.00000000 1.00000000 1.00000000 0.99657152 1.00000000 1.00336697 1.00254588 0.98887272 1.00336108 1.00000000 1.00000000 0.97619052 1.10000001 0.97126435 0.96178341 1.01715197 1.00403587 1.00000000
1.00000000 1.00076745 1.00000000 1.00000000 1.00000000 1.00000000 0.99927513 1.00000000 0.99932887 0.99004538 1.01170843 1.00630656 1.00000000 1.00000000 1.00000000 1.00000000 1.00000000 1.00662252 1.00000000 1.01741843 1.00000000
1.00000000 0.99693248 1.00000000 1.00000000 0.95652177 1.00000000 1.00524201 1.00000000 0.98858294 1.00084454 0.99875337 0.99992307 1.00000000 1.00000000 0.97560974 0.90909090 1.02366866 1.00657895 1.00000000 0.98946447 1.00000000
1.00000000 1.00000000 1.00000000 1.00000000 1.00000000 1.00000000 0.99936057 1.00000000 1.00543479 0.99495320 0.99997757 0.99843085 1.00000000 1.00000000 1.02500002 1.00000000 0.93063585 0.98692809 1.00843141 1.00000000 1.00000000
1.00000000 0.99076926 1.00000000 1.00000000 1.00000000 1.00000000 1.00138242 1.00000000 1.00000000 1.01446412 1.00630176 0.99845916 1.00000000 1.00000000 1.00000000 1.10000001 1.03726704 1.01986757 0.97569508 1.00088730 1.00000000
1.00000000 1.01009313 1.00000000 1.00000000 1.02272723 1.00000000 1.01272068 1.00000000 1.00540541 1.00000782 0.99361052 0.98768524 1.00000000 1.00000000 0.97560974 1.00000000 1.00000000 0.99350649 1.00259066 0.99556742 1.09090903
1.00000000 0.98539586 1.00000000 1.00000000 0.97777782 1.00000000 0.99175082 1.00000000 0.99126347 0.99059373 0.98973312 1.00617788 1.00000000 1.00000000 1.00000000 1.00000000 1.00000000 1.00000000 0.99681975 1.01157609 1.00000000
1.00000000 1.01014044 1.00000000 1.00000000 1.00000000 1.00000000 1.00064212 1.00000000 1.00677965 0.99609611 1.01041871 0.99312712 1.00000000 1.00000000 1.00000000 1.00000000 1.00000000 1.00000000 1.00000000 1.00880280 0.91666672
1.00000000 1.00231658 1.00000000 1.00000000 0.95454542 1.00000000 0.99119390 1.00000000 1.00000000 1.02366567 0.98860404 0.97476350 0.95924765 1.00000000 1.00000000 0.90909090 1.00000000 0.98692809 1.02951144 1.00174518 1.00000000
1.00000000 0.98998456 1.00000000 1.00000000 1.00000000 1.00000000 1.00718424 1.00000000 0.99393940 0.99555264 0.99408552 1.00784075 1.04248366 1.00000000 1.00000000 1.00000000 1.00000000 1.00000000 0.99980637 1.02308366 1.00000000
1.00000000 0.99844360 1.00000000 1.00000000 1.00000000 1.00000000 0.99999913 1.00000000 1.00948506 1.00000000 1.00854519 1.00421772 1.00000000 1.00000000 1.02500002 1.00000000 1.00000000 0.96026494 0.97384729 1.01319708 1.00000000
1.00000000 1.00389715 1.00000000 1.00000000 1.04761909 1.00000000 0.99880389 1.00000000 0.99731546 0.98545629 0.99205709 0.98581815 1.00000000 1.00000000 0.97560974 1.00000000 1.00000000 0.95862066 1.02765074 0.97268910 1.00000000
1.00000000 0.98913041 1.00000000 1.00000000 1.00000000 1.00000000 1.00111217 1.00000000 0.99932706 1.02344625 0.99896931 1.01519613 1.00000000 1.00000000 1.02500002 1.10000001 1.00000000 0.96402883 0.97367402 0.97019442 1.00000000
